2026-05-22 07:58:33,290 [INFO] ========== ORCHESTRATORE ==========
2026-05-22 07:58:33,290 [INFO] OUTPUT DIR:  /Users/theo/Desktop/P.IVA/Aziende/Ermes/Codici/VRR_analisiDati/Revisione_VRR/test/output
2026-05-22 07:58:33,290 [INFO] OUTPUT FILE: vr_out.xlsx
2026-05-22 07:58:33,291 [INFO] SKIP FASE 1: True
2026-05-22 07:58:33,291 [INFO] --- SKIP FASE 1: si parte dal file esistente: /Users/theo/Desktop/P.IVA/Aziende/Ermes/Codici/VRR_analisiDati/Revisione_VRR/test/output/vr_out.xlsx ---
2026-05-22 07:58:33,291 [INFO] --- FASE 2: post-pausa ---
2026-05-22 07:58:33,291 [INFO] Ricaricamento workbook: /Users/theo/Desktop/P.IVA/Aziende/Ermes/Codici/VRR_analisiDati/Revisione_VRR/test/output/vr_out.xlsx
2026-05-22 07:58:35,751 [INFO] === nascondi_righe_tab_mis ===
2026-05-22 07:58:35,752 [DEBUG] Lettura colonna E dal foglio 'Scheda 1' (da riga 11)
2026-05-22 07:58:35,752 [DEBUG]   Riga 19 nascosta, stop.
2026-05-22 07:58:35,752 [DEBUG] Lettura colonna E dal foglio 'Scheda 2' (da riga 11)
2026-05-22 07:58:35,752 [DEBUG]   Riga 26 nascosta, stop.
2026-05-22 07:58:35,752 [DEBUG] Lettura colonna E dal foglio 'Scheda 3' (da riga 11)
2026-05-22 07:58:35,753 [DEBUG]   Riga 19 nascosta, stop.
2026-05-22 07:58:35,753 [DEBUG] Lettura colonna E dal foglio 'Scheda 4' (da riga 11)
2026-05-22 07:58:35,753 [DEBUG]   Riga 22 nascosta, stop.
2026-05-22 07:58:35,753 [DEBUG] Lettura colonna E dal foglio 'Scheda 5' (da riga 11)
2026-05-22 07:58:35,753 [DEBUG]   Riga 19 nascosta, stop.
2026-05-22 07:58:35,753 [DEBUG] Lettura colonna E dal foglio 'Scheda 6' (da riga 11)
2026-05-22 07:58:35,753 [DEBUG]   Riga 19 nascosta, stop.
2026-05-22 07:58:35,753 [DEBUG] Lettura colonna E dal foglio 'Scheda 7' (da riga 11)
2026-05-22 07:58:35,754 [DEBUG]   Riga 17 nascosta, stop.
2026-05-22 07:58:35,754 [DEBUG] Lettura colonna E dal foglio 'Scheda 8' (da riga 11)
2026-05-22 07:58:35,754 [DEBUG]   Riga 17 nascosta, stop.
2026-05-22 07:58:35,754 [DEBUG] Lettura colonna E dal foglio 'Scheda 9' (da riga 11)
2026-05-22 07:58:35,754 [DEBUG]   Riga 16 nascosta, stop.
2026-05-22 07:58:35,754 [DEBUG] Lettura colonna E dal foglio 'Scheda 10' (da riga 11)
2026-05-22 07:58:35,754 [DEBUG]   Riga 14 nascosta, stop.
2026-05-22 07:58:35,754 [DEBUG] Lettura colonna E dal foglio 'Scheda 11' (da riga 11)
2026-05-22 07:58:35,755 [DEBUG]   Riga 16 nascosta, stop.
2026-05-22 07:58:35,755 [DEBUG] Lettura colonna E dal foglio 'Scheda 12' (da riga 11)
2026-05-22 07:58:35,755 [DEBUG]   Riga 17 nascosta, stop.
2026-05-22 07:58:35,755 [DEBUG] Lettura colonna E dal foglio 'Scheda 13' (da riga 11)
2026-05-22 07:58:35,755 [DEBUG]   Riga 17 nascosta, stop.
2026-05-22 07:58:35,755 [DEBUG] Lettura colonna E dal foglio 'Scheda 14' (da riga 11)
2026-05-22 07:58:35,755 [DEBUG]   Riga 17 nascosta, stop.
2026-05-22 07:58:35,755 [DEBUG] Lettura colonna E dal foglio 'Scheda 15' (da riga 11)
2026-05-22 07:58:35,756 [DEBUG]   Riga 15 nascosta, stop.
2026-05-22 07:58:35,756 [DEBUG] Lettura colonna E dal foglio 'Scheda 16' (da riga 11)
2026-05-22 07:58:35,756 [DEBUG]   Riga 18 nascosta, stop.
2026-05-22 07:58:35,756 [DEBUG] Lettura colonna E dal foglio 'Scheda 17' (da riga 11)
2026-05-22 07:58:35,756 [DEBUG]   Riga 16 nascosta, stop.
2026-05-22 07:58:35,756 [DEBUG] Lettura colonna E dal foglio 'Scheda 18' (da riga 11)
2026-05-22 07:58:35,757 [DEBUG]   Riga 15 nascosta, stop.
2026-05-22 07:58:35,757 [DEBUG] Lettura colonna E dal foglio 'Scheda 19' (da riga 11)
2026-05-22 07:58:35,757 [DEBUG]   Riga 15 nascosta, stop.
2026-05-22 07:58:35,757 [DEBUG] Lettura colonna E dal foglio 'Scheda 20' (da riga 11)
2026-05-22 07:58:35,757 [DEBUG]   Riga 18 nascosta, stop.
2026-05-22 07:58:35,757 [DEBUG] Lettura colonna E dal foglio 'Scheda 21' (da riga 11)
2026-05-22 07:58:35,758 [DEBUG]   Riga 16 nascosta, stop.
2026-05-22 07:58:35,758 [DEBUG] Lettura colonna E dal foglio 'Scheda 22' (da riga 11)
2026-05-22 07:58:35,758 [DEBUG]   Riga 12 nascosta, stop.
2026-05-22 07:58:35,758 [DEBUG] Lettura colonna E dal foglio 'Scheda 23' (da riga 11)
2026-05-22 07:58:35,758 [DEBUG]   Riga 15 nascosta, stop.
2026-05-22 07:58:35,758 [DEBUG] Lettura colonna E dal foglio 'Scheda 24' (da riga 11)
2026-05-22 07:58:35,758 [DEBUG]   Riga 19 nascosta, stop.
2026-05-22 07:58:35,759 [INFO] ID raccolti dalle Schede: ['D1', 'D11', 'D12', 'D13', 'D15', 'D16', 'D17', 'D18', 'D19', 'D3', 'D4', 'D5', 'D7', 'D9', 'E1', 'E10_3', 'E11', 'E12', 'E13', 'E15', 'E17', 'E2', 'E4', 'E5', 'E6', 'E8', 'E9', 'F11', 'F12', 'F13', 'F14', 'F16', 'F17', 'F18', 'F3', 'F4', 'F5', 'F7', 'F9', 'W1', 'W10', 'W11', 'W13', 'W14', 'W15', 'W16', 'W17', 'W2', 'W20', 'W3', 'W34', 'W4', 'W6', 'W7', 'W8', 'W9', 'w19']
2026-05-22 07:58:35,759 [DEBUG]   Riga 2 nascosta (ID=None non in lista)
2026-05-22 07:58:35,759 [DEBUG]   Riga 3 nascosta (ID=ID non in lista)
2026-05-22 07:58:35,759 [DEBUG]   Riga 4 nascosta (ID=None non in lista)
2026-05-22 07:58:35,759 [DEBUG]   Riga 5 nascosta (ID=⌂ non in lista)
2026-05-22 07:58:35,759 [DEBUG]   Riga 10 nascosta (ID=W5 non in lista)
2026-05-22 07:58:35,759 [DEBUG]   Riga 17 nascosta (ID=W12 non in lista)
2026-05-22 07:58:35,759 [DEBUG]   Riga 23 nascosta (ID=W18 non in lista)
2026-05-22 07:58:35,759 [DEBUG]   Riga 24 nascosta (ID=W19 non in lista)
2026-05-22 07:58:35,759 [DEBUG]   Riga 27 nascosta (ID=D2 non in lista)
2026-05-22 07:58:35,759 [DEBUG]   Riga 31 nascosta (ID=D6 non in lista)
2026-05-22 07:58:35,759 [DEBUG]   Riga 33 nascosta (ID=D8 non in lista)
2026-05-22 07:58:35,759 [DEBUG]   Riga 35 nascosta (ID=D10 non in lista)
2026-05-22 07:58:35,759 [DEBUG]   Riga 39 nascosta (ID=D14 non in lista)
2026-05-22 07:58:35,759 [DEBUG]   Riga 47 nascosta (ID=E3 non in lista)
2026-05-22 07:58:35,759 [DEBUG]   Riga 51 nascosta (ID=E7 non in lista)
2026-05-22 07:58:35,759 [DEBUG]   Riga 54 nascosta (ID=E10 non in lista)
2026-05-22 07:58:35,759 [DEBUG]   Riga 58 nascosta (ID=E14 non in lista)
2026-05-22 07:58:35,759 [DEBUG]   Riga 60 nascosta (ID=E16 non in lista)
2026-05-22 07:58:35,759 [DEBUG]   Riga 62 nascosta (ID=E18 non in lista)
2026-05-22 07:58:35,759 [DEBUG]   Riga 63 nascosta (ID=F1 non in lista)
2026-05-22 07:58:35,759 [DEBUG]   Riga 64 nascosta (ID=F2 non in lista)
2026-05-22 07:58:35,759 [DEBUG]   Riga 68 nascosta (ID=F6 non in lista)
2026-05-22 07:58:35,760 [DEBUG]   Riga 70 nascosta (ID=F8 non in lista)
2026-05-22 07:58:35,760 [DEBUG]   Riga 72 nascosta (ID=F10 non in lista)
2026-05-22 07:58:35,760 [DEBUG]   Riga 77 nascosta (ID=F15 non in lista)
2026-05-22 07:58:35,760 [DEBUG]   Riga 81 nascosta (ID=W21 non in lista)
2026-05-22 07:58:35,760 [DEBUG]   Riga 82 nascosta (ID=W22 non in lista)
2026-05-22 07:58:35,760 [DEBUG]   Riga 83 nascosta (ID=W23 non in lista)
2026-05-22 07:58:35,760 [DEBUG]   Riga 84 nascosta (ID=W24 non in lista)
2026-05-22 07:58:35,760 [DEBUG]   Riga 85 nascosta (ID=W25 non in lista)
2026-05-22 07:58:35,760 [DEBUG]   Riga 86 nascosta (ID=W26 non in lista)
2026-05-22 07:58:35,760 [DEBUG]   Riga 87 nascosta (ID=W27 non in lista)
2026-05-22 07:58:35,760 [DEBUG]   Riga 88 nascosta (ID=W28 non in lista)
2026-05-22 07:58:35,760 [DEBUG]   Riga 89 nascosta (ID=W29 non in lista)
2026-05-22 07:58:35,760 [DEBUG]   Riga 90 nascosta (ID=W30 non in lista)
2026-05-22 07:58:35,760 [DEBUG]   Riga 91 nascosta (ID=W31 non in lista)
2026-05-22 07:58:35,760 [DEBUG]   Riga 92 nascosta (ID=W32 non in lista)
2026-05-22 07:58:35,760 [DEBUG]   Riga 93 nascosta (ID=W33 non in lista)
2026-05-22 07:58:35,760 [DEBUG]   Riga 95 nascosta (ID=W35 non in lista)
2026-05-22 07:58:35,760 [DEBUG]   Riga 96 nascosta (ID=W36 non in lista)
2026-05-22 07:58:35,760 [DEBUG]   Riga 97 nascosta (ID=W37 non in lista)
2026-05-22 07:58:35,760 [DEBUG]   Riga 98 nascosta (ID=D1_3 non in lista)
2026-05-22 07:58:35,760 [DEBUG]   Riga 99 nascosta (ID=D2_3 non in lista)
2026-05-22 07:58:35,760 [DEBUG]   Riga 100 nascosta (ID=D3_3 non in lista)
2026-05-22 07:58:35,760 [DEBUG]   Riga 101 nascosta (ID=D4_3 non in lista)
2026-05-22 07:58:35,760 [DEBUG]   Riga 102 nascosta (ID=D5_3 non in lista)
2026-05-22 07:58:35,760 [DEBUG]   Riga 103 nascosta (ID=D6_3 non in lista)
2026-05-22 07:58:35,760 [DEBUG]   Riga 104 nascosta (ID=D7_3 non in lista)
2026-05-22 07:58:35,760 [DEBUG]   Riga 105 nascosta (ID=D8_3 non in lista)
2026-05-22 07:58:35,760 [DEBUG]   Riga 106 nascosta (ID=D9_3 non in lista)
2026-05-22 07:58:35,760 [DEBUG]   Riga 107 nascosta (ID=D10_3 non in lista)
2026-05-22 07:58:35,760 [DEBUG]   Riga 108 nascosta (ID=D11_3 non in lista)
2026-05-22 07:58:35,760 [DEBUG]   Riga 109 nascosta (ID=D12_3 non in lista)
2026-05-22 07:58:35,760 [DEBUG]   Riga 110 nascosta (ID=D13_3 non in lista)
2026-05-22 07:58:35,760 [DEBUG]   Riga 111 nascosta (ID=D14_3 non in lista)
2026-05-22 07:58:35,760 [DEBUG]   Riga 112 nascosta (ID=D15_3 non in lista)
2026-05-22 07:58:35,760 [DEBUG]   Riga 113 nascosta (ID=D16_3 non in lista)
2026-05-22 07:58:35,760 [DEBUG]   Riga 114 nascosta (ID=D17_3 non in lista)
2026-05-22 07:58:35,760 [DEBUG]   Riga 115 nascosta (ID=D18_3 non in lista)
2026-05-22 07:58:35,760 [DEBUG]   Riga 116 nascosta (ID=D19_3 non in lista)
2026-05-22 07:58:35,760 [DEBUG]   Riga 117 nascosta (ID=E1_3 non in lista)
2026-05-22 07:58:35,760 [DEBUG]   Riga 118 nascosta (ID=E2_3 non in lista)
2026-05-22 07:58:35,760 [DEBUG]   Riga 119 nascosta (ID=E3_3 non in lista)
2026-05-22 07:58:35,760 [DEBUG]   Riga 120 nascosta (ID=E4_3 non in lista)
2026-05-22 07:58:35,760 [DEBUG]   Riga 121 nascosta (ID=E5_3 non in lista)
2026-05-22 07:58:35,760 [DEBUG]   Riga 122 nascosta (ID=E6_3 non in lista)
2026-05-22 07:58:35,760 [DEBUG]   Riga 123 nascosta (ID=E7_3 non in lista)
2026-05-22 07:58:35,760 [DEBUG]   Riga 124 nascosta (ID=E8_3 non in lista)
2026-05-22 07:58:35,760 [DEBUG]   Riga 125 nascosta (ID=E9_3 non in lista)
2026-05-22 07:58:35,760 [DEBUG]   Riga 127 nascosta (ID=E11_3 non in lista)
2026-05-22 07:58:35,760 [DEBUG]   Riga 128 nascosta (ID=E12_3 non in lista)
2026-05-22 07:58:35,760 [DEBUG]   Riga 129 nascosta (ID=E13_3 non in lista)
2026-05-22 07:58:35,760 [DEBUG]   Riga 130 nascosta (ID=E14_3 non in lista)
2026-05-22 07:58:35,760 [DEBUG]   Riga 131 nascosta (ID=E15_3 non in lista)
2026-05-22 07:58:35,761 [DEBUG]   Riga 132 nascosta (ID=E16_3 non in lista)
2026-05-22 07:58:35,761 [DEBUG]   Riga 133 nascosta (ID=E17_3 non in lista)
2026-05-22 07:58:35,761 [DEBUG]   Riga 134 nascosta (ID=E18_3 non in lista)
2026-05-22 07:58:35,761 [DEBUG]   Riga 135 nascosta (ID=F1_3 non in lista)
2026-05-22 07:58:35,761 [DEBUG]   Riga 136 nascosta (ID=F2_3 non in lista)
2026-05-22 07:58:35,761 [DEBUG]   Riga 137 nascosta (ID=F3_3 non in lista)
2026-05-22 07:58:35,761 [DEBUG]   Riga 138 nascosta (ID=F4_3 non in lista)
2026-05-22 07:58:35,761 [DEBUG]   Riga 139 nascosta (ID=F5_3 non in lista)
2026-05-22 07:58:35,761 [DEBUG]   Riga 140 nascosta (ID=F6_3 non in lista)
2026-05-22 07:58:35,761 [DEBUG]   Riga 141 nascosta (ID=F7_3 non in lista)
2026-05-22 07:58:35,761 [DEBUG]   Riga 142 nascosta (ID=F8_3 non in lista)
2026-05-22 07:58:35,761 [DEBUG]   Riga 143 nascosta (ID=F9_3 non in lista)
2026-05-22 07:58:35,761 [DEBUG]   Riga 144 nascosta (ID=F10_3 non in lista)
2026-05-22 07:58:35,761 [DEBUG]   Riga 145 nascosta (ID=F11_3 non in lista)
2026-05-22 07:58:35,761 [DEBUG]   Riga 146 nascosta (ID=F12_3 non in lista)
2026-05-22 07:58:35,761 [DEBUG]   Riga 147 nascosta (ID=F13_3 non in lista)
2026-05-22 07:58:35,761 [DEBUG]   Riga 148 nascosta (ID=F14_3 non in lista)
2026-05-22 07:58:35,761 [DEBUG]   Riga 149 nascosta (ID=F15_3 non in lista)
2026-05-22 07:58:35,761 [DEBUG]   Riga 150 nascosta (ID=F16_3 non in lista)
2026-05-22 07:58:35,761 [DEBUG]   Riga 151 nascosta (ID=F17_3 non in lista)
2026-05-22 07:58:35,761 [DEBUG]   Riga 152 nascosta (ID=<openpyxl.worksheet.formula.ArrayFormula object at 0x1233b83b0> non in lista)
2026-05-22 07:58:35,761 [DEBUG]   Riga 153 nascosta (ID=<openpyxl.worksheet.formula.ArrayFormula object at 0x123386630> non in lista)
2026-05-22 07:58:35,761 [DEBUG]   Riga 154 nascosta (ID=<openpyxl.worksheet.formula.ArrayFormula object at 0x1233bb230> non in lista)
2026-05-22 07:58:35,761 [DEBUG]   Riga 155 nascosta (ID=<openpyxl.worksheet.formula.ArrayFormula object at 0x12339ffb0> non in lista)
2026-05-22 07:58:35,761 [DEBUG]   Riga 156 nascosta (ID=<openpyxl.worksheet.formula.ArrayFormula object at 0x1233bae10> non in lista)
2026-05-22 07:58:35,761 [DEBUG]   Riga 157 nascosta (ID=<openpyxl.worksheet.formula.ArrayFormula object at 0x1233e73b0> non in lista)
2026-05-22 07:58:35,762 [DEBUG]   Riga 158 nascosta (ID=<openpyxl.worksheet.formula.ArrayFormula object at 0x1233baed0> non in lista)
2026-05-22 07:58:35,762 [DEBUG]   Riga 159 nascosta (ID=<openpyxl.worksheet.formula.ArrayFormula object at 0x1233f2330> non in lista)
2026-05-22 07:58:35,762 [DEBUG]   Riga 160 nascosta (ID=<openpyxl.worksheet.formula.ArrayFormula object at 0x1233e7050> non in lista)
2026-05-22 07:58:35,762 [DEBUG]   Riga 161 nascosta (ID=<openpyxl.worksheet.formula.ArrayFormula object at 0x12340d250> non in lista)
2026-05-22 07:58:35,762 [DEBUG]   Riga 162 nascosta (ID=<openpyxl.worksheet.formula.ArrayFormula object at 0x1233f1fd0> non in lista)
2026-05-22 07:58:35,762 [DEBUG]   Riga 163 nascosta (ID=<openpyxl.worksheet.formula.ArrayFormula object at 0x12342c0b0> non in lista)
2026-05-22 07:58:35,762 [DEBUG]   Riga 164 nascosta (ID=<openpyxl.worksheet.formula.ArrayFormula object at 0x1233bae70> non in lista)
2026-05-22 07:58:35,762 [DEBUG]   Riga 165 nascosta (ID=<openpyxl.worksheet.formula.ArrayFormula object at 0x12340fcb0> non in lista)
2026-05-22 07:58:35,762 [DEBUG]   Riga 166 nascosta (ID=<openpyxl.worksheet.formula.ArrayFormula object at 0x123440290> non in lista)
2026-05-22 07:58:35,762 [DEBUG]   Riga 167 nascosta (ID=<openpyxl.worksheet.formula.ArrayFormula object at 0x12342c050> non in lista)
2026-05-22 07:58:35,762 [DEBUG]   Riga 168 nascosta (ID=<openpyxl.worksheet.formula.ArrayFormula object at 0x123443170> non in lista)
2026-05-22 07:58:35,762 [DEBUG]   Riga 169 nascosta (ID=<openpyxl.worksheet.formula.ArrayFormula object at 0x12342fe90> non in lista)
2026-05-22 07:58:35,762 [DEBUG]   Riga 170 nascosta (ID=<openpyxl.worksheet.formula.ArrayFormula object at 0x1234620f0> non in lista)
2026-05-22 07:58:35,762 [DEBUG]   Riga 171 nascosta (ID=<openpyxl.worksheet.formula.ArrayFormula object at 0x123442e10> non in lista)
2026-05-22 07:58:35,762 [DEBUG]   Riga 172 nascosta (ID=<openpyxl.worksheet.formula.ArrayFormula object at 0x123480f50> non in lista)
2026-05-22 07:58:35,762 [DEBUG]   Riga 173 nascosta (ID=<openpyxl.worksheet.formula.ArrayFormula object at 0x123461d90> non in lista)
2026-05-22 07:58:35,762 [DEBUG]   Riga 174 nascosta (ID=<openpyxl.worksheet.formula.ArrayFormula object at 0x123442db0> non in lista)
2026-05-22 07:58:35,762 [DEBUG]   Riga 175 nascosta (ID=<openpyxl.worksheet.formula.ArrayFormula object at 0x123499130> non in lista)
2026-05-22 07:58:35,762 [DEBUG]   Riga 176 nascosta (ID=<openpyxl.worksheet.formula.ArrayFormula object at 0x123480bf0> non in lista)
2026-05-22 07:58:35,762 [DEBUG]   Riga 177 nascosta (ID=<openpyxl.worksheet.formula.ArrayFormula object at 0x1234b8050> non in lista)
2026-05-22 07:58:35,762 [DEBUG]   Riga 178 nascosta (ID=<openpyxl.worksheet.formula.ArrayFormula object at 0x123498dd0> non in lista)
2026-05-22 07:58:35,762 [DEBUG]   Riga 179 nascosta (ID=<openpyxl.worksheet.formula.ArrayFormula object at 0x1234baf90> non in lista)
2026-05-22 07:58:35,762 [DEBUG]   Riga 180 nascosta (ID=<openpyxl.worksheet.formula.ArrayFormula object at 0x12349bcb0> non in lista)
2026-05-22 07:58:35,762 [DEBUG]   Riga 181 nascosta (ID=<openpyxl.worksheet.formula.ArrayFormula object at 0x1234d5df0> non in lista)
2026-05-22 07:58:35,763 [DEBUG]   Riga 182 nascosta (ID=<openpyxl.worksheet.formula.ArrayFormula object at 0x1234bac30> non in lista)
2026-05-22 07:58:35,763 [DEBUG]   Riga 183 nascosta (ID=<openpyxl.worksheet.formula.ArrayFormula object at 0x1234d5a30> non in lista)
2026-05-22 07:58:35,763 [DEBUG]   Riga 184 nascosta (ID=<openpyxl.worksheet.formula.ArrayFormula object at 0x1234edfd0> non in lista)
2026-05-22 07:58:35,763 [DEBUG]   Riga 185 nascosta (ID=D1_3 non in lista)
2026-05-22 07:58:35,763 [DEBUG]   Riga 186 nascosta (ID=D2_3 non in lista)
2026-05-22 07:58:35,763 [DEBUG]   Riga 187 nascosta (ID=D3_3 non in lista)
2026-05-22 07:58:35,763 [DEBUG]   Riga 188 nascosta (ID=D4_3 non in lista)
2026-05-22 07:58:35,763 [DEBUG]   Riga 189 nascosta (ID=D5_3 non in lista)
2026-05-22 07:58:35,763 [DEBUG]   Riga 190 nascosta (ID=D6_3 non in lista)
2026-05-22 07:58:35,763 [DEBUG]   Riga 191 nascosta (ID=D7_3 non in lista)
2026-05-22 07:58:35,763 [DEBUG]   Riga 192 nascosta (ID=D8_3 non in lista)
2026-05-22 07:58:35,763 [DEBUG]   Riga 193 nascosta (ID=D9_3 non in lista)
2026-05-22 07:58:35,763 [DEBUG]   Riga 194 nascosta (ID=D10_3 non in lista)
2026-05-22 07:58:35,763 [DEBUG]   Riga 195 nascosta (ID=D11_3 non in lista)
2026-05-22 07:58:35,763 [DEBUG]   Riga 196 nascosta (ID=D12_3 non in lista)
2026-05-22 07:58:35,763 [DEBUG]   Riga 197 nascosta (ID=D13_3 non in lista)
2026-05-22 07:58:35,763 [DEBUG]   Riga 198 nascosta (ID=D14_3 non in lista)
2026-05-22 07:58:35,763 [DEBUG]   Riga 199 nascosta (ID=D15_3 non in lista)
2026-05-22 07:58:35,763 [DEBUG]   Riga 200 nascosta (ID=D16_3 non in lista)
2026-05-22 07:58:35,763 [DEBUG]   Riga 201 nascosta (ID=D17_3 non in lista)
2026-05-22 07:58:35,763 [DEBUG]   Riga 202 nascosta (ID=D18_3 non in lista)
2026-05-22 07:58:35,763 [DEBUG]   Riga 203 nascosta (ID=D19_3 non in lista)
2026-05-22 07:58:35,763 [DEBUG]   Riga 204 nascosta (ID=E1_3 non in lista)
2026-05-22 07:58:35,763 [DEBUG]   Riga 205 nascosta (ID=E2_3 non in lista)
2026-05-22 07:58:35,763 [DEBUG]   Riga 206 nascosta (ID=E3_3 non in lista)
2026-05-22 07:58:35,763 [DEBUG]   Riga 207 nascosta (ID=E4_3 non in lista)
2026-05-22 07:58:35,763 [DEBUG]   Riga 208 nascosta (ID=E5_3 non in lista)
2026-05-22 07:58:35,763 [DEBUG]   Riga 209 nascosta (ID=E6_3 non in lista)
2026-05-22 07:58:35,763 [DEBUG]   Riga 210 nascosta (ID=E7_3 non in lista)
2026-05-22 07:58:35,763 [DEBUG]   Riga 211 nascosta (ID=E8_3 non in lista)
2026-05-22 07:58:35,763 [DEBUG]   Riga 212 nascosta (ID=E9_3 non in lista)
2026-05-22 07:58:35,763 [DEBUG]   Riga 214 nascosta (ID=E11_3 non in lista)
2026-05-22 07:58:35,763 [DEBUG]   Riga 215 nascosta (ID=E12_3 non in lista)
2026-05-22 07:58:35,763 [DEBUG]   Riga 216 nascosta (ID=E13_3 non in lista)
2026-05-22 07:58:35,763 [DEBUG]   Riga 217 nascosta (ID=E14_3 non in lista)
2026-05-22 07:58:35,763 [DEBUG]   Riga 218 nascosta (ID=E15_3 non in lista)
2026-05-22 07:58:35,763 [DEBUG]   Riga 219 nascosta (ID=E16_3 non in lista)
2026-05-22 07:58:35,763 [DEBUG]   Riga 220 nascosta (ID=E17_3 non in lista)
2026-05-22 07:58:35,763 [DEBUG]   Riga 221 nascosta (ID=E18_3 non in lista)
2026-05-22 07:58:35,763 [DEBUG]   Riga 222 nascosta (ID=F1_3 non in lista)
2026-05-22 07:58:35,763 [DEBUG]   Riga 223 nascosta (ID=F2_3 non in lista)
2026-05-22 07:58:35,763 [DEBUG]   Riga 224 nascosta (ID=F3_3 non in lista)
2026-05-22 07:58:35,763 [DEBUG]   Riga 225 nascosta (ID=F4_3 non in lista)
2026-05-22 07:58:35,763 [DEBUG]   Riga 226 nascosta (ID=F5_3 non in lista)
2026-05-22 07:58:35,763 [DEBUG]   Riga 227 nascosta (ID=F6_3 non in lista)
2026-05-22 07:58:35,763 [DEBUG]   Riga 228 nascosta (ID=F7_3 non in lista)
2026-05-22 07:58:35,763 [DEBUG]   Riga 229 nascosta (ID=F8_3 non in lista)
2026-05-22 07:58:35,763 [DEBUG]   Riga 230 nascosta (ID=F9_3 non in lista)
2026-05-22 07:58:35,763 [DEBUG]   Riga 231 nascosta (ID=F10_3 non in lista)
2026-05-22 07:58:35,763 [DEBUG]   Riga 232 nascosta (ID=F11_3 non in lista)
2026-05-22 07:58:35,763 [DEBUG]   Riga 233 nascosta (ID=F12_3 non in lista)
2026-05-22 07:58:35,764 [DEBUG]   Riga 234 nascosta (ID=F13_3 non in lista)
2026-05-22 07:58:35,764 [DEBUG]   Riga 235 nascosta (ID=F14_3 non in lista)
2026-05-22 07:58:35,764 [DEBUG]   Riga 236 nascosta (ID=F15_3 non in lista)
2026-05-22 07:58:35,764 [DEBUG]   Riga 237 nascosta (ID=F16_3 non in lista)
2026-05-22 07:58:35,764 [DEBUG]   Riga 238 nascosta (ID=F17_3 non in lista)
2026-05-22 07:58:35,764 [INFO] Righe nascoste in 'Tab-Mis': 180
2026-05-22 07:58:35,764 [INFO] === nascondi_righe_tab_mis completata ===
2026-05-22 07:58:35,764 [INFO] === select_area_stampa ===
2026-05-22 07:58:35,764 [INFO] Area stampa Tab-Mis: A1:BC238
2026-05-22 07:58:35,764 [INFO] Area stampa 'Scheda 1': A1:Q66
2026-05-22 07:58:35,764 [INFO] Area stampa 'Scheda 2': A1:Q66
2026-05-22 07:58:35,764 [INFO] Area stampa 'Scheda 3': A1:Q66
2026-05-22 07:58:35,764 [INFO] Area stampa 'Scheda 4': A1:Q66
2026-05-22 07:58:35,764 [INFO] Area stampa 'Scheda 5': A1:Q66
2026-05-22 07:58:35,764 [INFO] Area stampa 'Scheda 6': A1:Q66
2026-05-22 07:58:35,764 [INFO] Area stampa 'Scheda 7': A1:Q66
2026-05-22 07:58:35,765 [INFO] Area stampa 'Scheda 8': A1:Q66
2026-05-22 07:58:35,765 [INFO] Area stampa 'Scheda 9': A1:Q66
2026-05-22 07:58:35,765 [INFO] Area stampa 'Scheda 10': A1:Q66
2026-05-22 07:58:35,765 [INFO] Area stampa 'Scheda 11': A1:Q66
2026-05-22 07:58:35,765 [INFO] Area stampa 'Scheda 12': A1:Q66
2026-05-22 07:58:35,765 [INFO] Area stampa 'Scheda 13': A1:Q66
2026-05-22 07:58:35,765 [INFO] Area stampa 'Scheda 14': A1:Q66
2026-05-22 07:58:35,765 [INFO] Area stampa 'Scheda 15': A1:Q66
2026-05-22 07:58:35,765 [INFO] Area stampa 'Scheda 16': A1:Q66
2026-05-22 07:58:35,765 [INFO] Area stampa 'Scheda 17': A1:Q66
2026-05-22 07:58:35,765 [INFO] Area stampa 'Scheda 18': A1:Q66
2026-05-22 07:58:35,765 [INFO] Area stampa 'Scheda 19': A1:Q66
2026-05-22 07:58:35,765 [INFO] Area stampa 'Scheda 20': A1:Q66
2026-05-22 07:58:35,765 [INFO] Area stampa 'Scheda 21': A1:Q66
2026-05-22 07:58:35,765 [INFO] Area stampa 'Scheda 22': A1:Q66
2026-05-22 07:58:35,765 [INFO] Area stampa 'Scheda 23': A1:Q66
2026-05-22 07:58:35,765 [INFO] Area stampa 'Scheda 24': A1:Q66
2026-05-22 07:58:35,765 [INFO] === select_area_stampa completata ===
2026-05-22 07:58:37,114 [INFO] Workbook salvato: /Users/theo/Desktop/P.IVA/Aziende/Ermes/Codici/VRR_analisiDati/Revisione_VRR/test/output/vr_out.xlsx
2026-05-22 07:58:37,114 [INFO] === esporta_pdf_misure ===
2026-05-22 07:58:39,742 [INFO] === select_area_stampa ===
2026-05-22 07:58:39,743 [INFO] Area stampa Tab-Mis: A1:BC238
2026-05-22 07:58:39,743 [INFO] Area stampa 'Scheda 1': A1:Q66
2026-05-22 07:58:39,743 [INFO] Area stampa 'Scheda 2': A1:Q66
2026-05-22 07:58:39,743 [INFO] Area stampa 'Scheda 3': A1:Q66
2026-05-22 07:58:39,743 [INFO] Area stampa 'Scheda 4': A1:Q66
2026-05-22 07:58:39,743 [INFO] Area stampa 'Scheda 5': A1:Q66
2026-05-22 07:58:39,743 [INFO] Area stampa 'Scheda 6': A1:Q66
2026-05-22 07:58:39,743 [INFO] Area stampa 'Scheda 7': A1:Q66
2026-05-22 07:58:39,743 [INFO] Area stampa 'Scheda 8': A1:Q66
2026-05-22 07:58:39,743 [INFO] Area stampa 'Scheda 9': A1:Q66
2026-05-22 07:58:39,743 [INFO] Area stampa 'Scheda 10': A1:Q66
2026-05-22 07:58:39,743 [INFO] Area stampa 'Scheda 11': A1:Q66
2026-05-22 07:58:39,743 [INFO] Area stampa 'Scheda 12': A1:Q66
2026-05-22 07:58:39,743 [INFO] Area stampa 'Scheda 13': A1:Q66
2026-05-22 07:58:39,744 [INFO] Area stampa 'Scheda 14': A1:Q66
2026-05-22 07:58:39,744 [INFO] Area stampa 'Scheda 15': A1:Q66
2026-05-22 07:58:39,744 [INFO] Area stampa 'Scheda 16': A1:Q66
2026-05-22 07:58:39,744 [INFO] Area stampa 'Scheda 17': A1:Q66
2026-05-22 07:58:39,744 [INFO] Area stampa 'Scheda 18': A1:Q66
2026-05-22 07:58:39,744 [INFO] Area stampa 'Scheda 19': A1:Q66
2026-05-22 07:58:39,744 [INFO] Area stampa 'Scheda 20': A1:Q66
2026-05-22 07:58:39,744 [INFO] Area stampa 'Scheda 21': A1:Q66
2026-05-22 07:58:39,744 [INFO] Area stampa 'Scheda 22': A1:Q66
2026-05-22 07:58:39,744 [INFO] Area stampa 'Scheda 23': A1:Q66
2026-05-22 07:58:39,744 [INFO] Area stampa 'Scheda 24': A1:Q66
2026-05-22 07:58:39,744 [INFO] === select_area_stampa completata ===
2026-05-22 07:58:42,431 [INFO] === select_area_stampa ===
2026-05-22 07:58:42,431 [INFO] Area stampa Tab-Mis: A1:BC238
2026-05-22 07:58:42,432 [INFO] Area stampa 'Scheda 1': A1:Q66
2026-05-22 07:58:42,432 [INFO] Area stampa 'Scheda 2': A1:Q66
2026-05-22 07:58:42,432 [INFO] Area stampa 'Scheda 3': A1:Q66
2026-05-22 07:58:42,432 [INFO] Area stampa 'Scheda 4': A1:Q66
2026-05-22 07:58:42,432 [INFO] Area stampa 'Scheda 5': A1:Q66
2026-05-22 07:58:42,432 [INFO] Area stampa 'Scheda 6': A1:Q66
2026-05-22 07:58:42,432 [INFO] Area stampa 'Scheda 7': A1:Q66
2026-05-22 07:58:42,432 [INFO] Area stampa 'Scheda 8': A1:Q66
2026-05-22 07:58:42,432 [INFO] Area stampa 'Scheda 9': A1:Q66
2026-05-22 07:58:42,432 [INFO] Area stampa 'Scheda 10': A1:Q66
2026-05-22 07:58:42,432 [INFO] Area stampa 'Scheda 11': A1:Q66
2026-05-22 07:58:42,432 [INFO] Area stampa 'Scheda 12': A1:Q66
2026-05-22 07:58:42,432 [INFO] Area stampa 'Scheda 13': A1:Q66
2026-05-22 07:58:42,432 [INFO] Area stampa 'Scheda 14': A1:Q66
2026-05-22 07:58:42,432 [INFO] Area stampa 'Scheda 15': A1:Q66
2026-05-22 07:58:42,432 [INFO] Area stampa 'Scheda 16': A1:Q66
2026-05-22 07:58:42,432 [INFO] Area stampa 'Scheda 17': A1:Q66
2026-05-22 07:58:42,432 [INFO] Area stampa 'Scheda 18': A1:Q66
2026-05-22 07:58:42,432 [INFO] Area stampa 'Scheda 19': A1:Q66
2026-05-22 07:58:42,432 [INFO] Area stampa 'Scheda 20': A1:Q66
2026-05-22 07:58:42,432 [INFO] Area stampa 'Scheda 21': A1:Q66
2026-05-22 07:58:42,432 [INFO] Area stampa 'Scheda 22': A1:Q66
2026-05-22 07:58:42,432 [INFO] Area stampa 'Scheda 23': A1:Q66
2026-05-22 07:58:42,432 [INFO] Area stampa 'Scheda 24': A1:Q66
2026-05-22 07:58:42,432 [INFO] === select_area_stampa completata ===
2026-05-22 07:58:49,099 [DEBUG] LibreOffice cmd: /opt/homebrew/bin/soffice --headless --convert-to pdf --outdir /var/folders/g9/z4b_4_ks01s65mk7dlq0rprh0000gn/T/tmphki7zm87 /var/folders/g9/z4b_4_ks01s65mk7dlq0rprh0000gn/T/tmphki7zm87/temp_export.xlsx
2026-05-22 07:58:52,759 [INFO] PDF esportato: /Users/theo/Desktop/P.IVA/Aziende/Ermes/Codici/VRR_analisiDati/Revisione_VRR/test/output/PDFs/Tabella_Misure.pdf
2026-05-22 07:58:52,760 [INFO] === esporta_pdf_misure completata: /Users/theo/Desktop/P.IVA/Aziende/Ermes/Codici/VRR_analisiDati/Revisione_VRR/test/output/PDFs/Tabella_Misure.pdf ===
2026-05-22 07:58:52,760 [INFO] === esporta_pdf_schede ===
2026-05-22 07:58:55,551 [INFO] ID DPI trovati: ['A1', 'A2', 'A3', 'A4', 'A5', 'A6', 'A7']
2026-05-22 07:58:55,551 [INFO] --- DPI: A1 ---
2026-05-22 07:58:55,551 [INFO] === select_area_stampa ===
2026-05-22 07:58:55,552 [INFO] Area stampa Tab-Mis: A1:BC238
2026-05-22 07:58:55,552 [INFO] Area stampa 'Scheda 1': A1:Q66
2026-05-22 07:58:55,552 [INFO] Area stampa 'Scheda 2': A1:Q66
2026-05-22 07:58:55,552 [INFO] Area stampa 'Scheda 3': A1:Q66
2026-05-22 07:58:55,552 [INFO] Area stampa 'Scheda 4': A1:Q66
2026-05-22 07:58:55,552 [INFO] Area stampa 'Scheda 5': A1:Q66
2026-05-22 07:58:55,552 [INFO] Area stampa 'Scheda 6': A1:Q66
2026-05-22 07:58:55,552 [INFO] Area stampa 'Scheda 7': A1:Q66
2026-05-22 07:58:55,552 [INFO] Area stampa 'Scheda 8': A1:Q66
2026-05-22 07:58:55,552 [INFO] Area stampa 'Scheda 9': A1:Q66
2026-05-22 07:58:55,552 [INFO] Area stampa 'Scheda 10': A1:Q66
2026-05-22 07:58:55,552 [INFO] Area stampa 'Scheda 11': A1:Q66
2026-05-22 07:58:55,552 [INFO] Area stampa 'Scheda 12': A1:Q66
2026-05-22 07:58:55,552 [INFO] Area stampa 'Scheda 13': A1:Q66
2026-05-22 07:58:55,552 [INFO] Area stampa 'Scheda 14': A1:Q66
2026-05-22 07:58:55,552 [INFO] Area stampa 'Scheda 15': A1:Q66
2026-05-22 07:58:55,552 [INFO] Area stampa 'Scheda 16': A1:Q66
2026-05-22 07:58:55,552 [INFO] Area stampa 'Scheda 17': A1:Q66
2026-05-22 07:58:55,552 [INFO] Area stampa 'Scheda 18': A1:Q66
2026-05-22 07:58:55,552 [INFO] Area stampa 'Scheda 19': A1:Q66
2026-05-22 07:58:55,552 [INFO] Area stampa 'Scheda 20': A1:Q66
2026-05-22 07:58:55,553 [INFO] Area stampa 'Scheda 21': A1:Q66
2026-05-22 07:58:55,553 [INFO] Area stampa 'Scheda 22': A1:Q66
2026-05-22 07:58:55,553 [INFO] Area stampa 'Scheda 23': A1:Q66
2026-05-22 07:58:55,553 [INFO] Area stampa 'Scheda 24': A1:Q66
2026-05-22 07:58:55,553 [INFO] === select_area_stampa completata ===
2026-05-22 07:58:56,888 [INFO] Esportazione: Scheda_1_DPI_A1.pdf
2026-05-22 07:59:00,946 [DEBUG] LibreOffice cmd: /opt/homebrew/bin/soffice --headless --convert-to pdf --outdir /var/folders/g9/z4b_4_ks01s65mk7dlq0rprh0000gn/T/tmpjv36_gs0 /var/folders/g9/z4b_4_ks01s65mk7dlq0rprh0000gn/T/tmpjv36_gs0/temp_export.xlsx
2026-05-22 07:59:03,240 [INFO] PDF esportato: /Users/theo/Desktop/P.IVA/Aziende/Ermes/Codici/VRR_analisiDati/Revisione_VRR/test/output/PDFs/Scheda_1_DPI_A1.pdf
2026-05-22 07:59:03,241 [INFO] Esportazione: Scheda_2_DPI_A1.pdf
2026-05-22 07:59:07,610 [DEBUG] LibreOffice cmd: /opt/homebrew/bin/soffice --headless --convert-to pdf --outdir /var/folders/g9/z4b_4_ks01s65mk7dlq0rprh0000gn/T/tmpdnx88jfv /var/folders/g9/z4b_4_ks01s65mk7dlq0rprh0000gn/T/tmpdnx88jfv/temp_export.xlsx
2026-05-22 07:59:09,880 [INFO] PDF esportato: /Users/theo/Desktop/P.IVA/Aziende/Ermes/Codici/VRR_analisiDati/Revisione_VRR/test/output/PDFs/Scheda_2_DPI_A1.pdf
2026-05-22 07:59:09,881 [INFO] Esportazione: Scheda_3_DPI_A1.pdf
